TN:
SF:src\app.ts
FNF:0
FNH:0
DA:1,1
DA:2,1
DA:3,1
DA:4,1
DA:5,1
DA:6,1
DA:7,1
DA:8,1
DA:9,1
DA:10,1
DA:11,1
DA:12,1
DA:13,1
LF:13
LH:13
BRF:0
BRH:0
end_of_record
TN:
SF:src\__tests__\mocks\account\index.ts
FNF:0
FNH:0
DA:1,1
DA:2,1
DA:3,1
DA:4,1
DA:5,1
DA:6,1
DA:7,1
DA:8,1
DA:9,1
DA:10,1
DA:11,1
DA:12,1
DA:13,1
DA:14,1
DA:15,1
DA:16,1
LF:16
LH:16
BRF:0
BRH:0
end_of_record
TN:
SF:src\__tests__\mocks\session\index.ts
FNF:0
FNH:0
DA:1,1
DA:2,1
DA:3,1
DA:4,1
DA:5,1
DA:6,1
DA:7,1
DA:8,1
DA:9,1
DA:10,1
DA:11,1
DA:12,1
DA:13,1
DA:14,1
DA:15,1
DA:16,1
LF:16
LH:16
BRF:0
BRH:0
end_of_record
TN:
SF:src\__tests__\mocks\task\index.ts
FNF:0
FNH:0
DA:1,1
DA:2,1
DA:3,1
DA:4,1
DA:5,1
DA:6,1
DA:7,1
DA:8,1
DA:9,1
DA:10,1
DA:11,1
DA:12,1
DA:13,1
DA:14,1
DA:15,1
DA:16,1
DA:17,1
DA:18,1
DA:19,1
DA:20,1
DA:21,1
DA:22,1
DA:23,1
DA:24,1
DA:25,1
DA:26,1
DA:27,1
DA:28,1
DA:29,1
DA:30,1
DA:31,1
DA:32,1
DA:33,1
DA:34,1
DA:35,1
DA:36,1
DA:37,1
DA:38,1
DA:39,1
DA:40,1
DA:41,1
DA:42,1
DA:43,1
DA:44,1
LF:44
LH:44
BRF:0
BRH:0
end_of_record
TN:
SF:src\controllers\account\createAccount.controller.ts
FN:10,createAccountController
FNF:1
FNH:1
FNDA:9,createAccountController
DA:1,1
DA:2,1
DA:3,1
DA:4,1
DA:5,1
DA:6,1
DA:7,1
DA:8,1
DA:9,1
DA:10,1
DA:11,9
DA:12,9
DA:13,9
DA:14,9
DA:15,9
DA:16,9
DA:17,9
DA:18,9
DA:19,9
DA:20,8
DA:21,8
DA:22,8
DA:23,8
DA:24,8
DA:25,1
DA:26,1
LF:26
LH:26
BRDA:10,0,0,9
BRDA:13,1,0,9
BRDA:20,2,0,8
BRF:3
BRH:3
end_of_record
TN:
SF:src\controllers\session\sessionLogin.controller.ts
FN:5,sessionLoginController
FNF:1
FNH:1
FNDA:8,sessionLoginController
DA:1,1
DA:2,1
DA:3,1
DA:4,1
DA:5,1
DA:6,8
DA:7,8
DA:8,8
DA:9,8
DA:10,8
DA:11,8
DA:12,7
DA:13,7
DA:14,7
DA:15,1
DA:16,1
LF:16
LH:16
BRDA:5,0,0,8
BRDA:5,1,0,8
BRDA:12,2,0,7
BRF:3
BRH:3
end_of_record
TN:
SF:src\controllers\task\createTask.controller.ts
FN:5,createTaskController
FNF:1
FNH:1
FNDA:4,createTaskController
DA:1,1
DA:2,1
DA:3,1
DA:4,1
DA:5,1
DA:6,4
DA:7,4
DA:8,4
DA:9,4
DA:10,4
DA:11,4
DA:12,4
DA:13,4
DA:14,4
DA:15,4
DA:16,4
DA:17,4
DA:18,4
DA:19,1
DA:20,1
LF:20
LH:20
BRDA:5,0,0,4
BRDA:5,1,0,4
BRF:2
BRH:2
end_of_record
TN:
SF:src\controllers\task\listTasks.controller.ts
FN:4,listTaskController
FNF:1
FNH:1
FNDA:7,listTaskController
DA:1,1
DA:2,1
DA:3,1
DA:4,1
DA:5,7
DA:6,7
DA:7,7
DA:8,7
DA:9,7
DA:10,7
DA:11,1
DA:12,1
LF:12
LH:12
BRDA:4,0,0,7
BRDA:4,1,0,7
BRF:2
BRH:2
end_of_record
TN:
SF:src\controllers\task\updateTask.controller.ts
FN:5,updateTaskController
FNF:1
FNH:1
FNDA:8,updateTaskController
DA:1,1
DA:2,1
DA:3,1
DA:4,1
DA:5,1
DA:6,8
DA:7,8
DA:8,8
DA:9,8
DA:10,8
DA:11,8
DA:12,8
DA:13,8
DA:14,8
DA:15,6
DA:16,6
DA:17,6
DA:18,6
DA:19,6
DA:20,1
DA:21,1
LF:21
LH:21
BRDA:5,0,0,8
BRDA:5,1,0,8
BRDA:15,2,0,6
BRF:3
BRH:3
end_of_record
TN:
SF:src\entities\account.entity.ts
FNF:0
FNH:0
DA:1,1
DA:2,1
DA:3,1
DA:4,1
DA:5,1
DA:6,1
DA:7,1
DA:8,1
DA:9,1
DA:10,1
DA:11,1
DA:12,1
DA:13,1
DA:14,1
DA:15,1
DA:16,1
DA:17,1
DA:18,1
DA:19,1
DA:20,1
DA:21,1
LF:21
LH:21
BRDA:19,0,0,11
BRDA:19,1,0,11
BRF:2
BRH:2
end_of_record
TN:
SF:src\entities\task.entity.ts
FNF:0
FNH:0
DA:1,1
DA:2,1
DA:3,1
DA:4,1
DA:5,1
DA:6,1
DA:7,1
DA:8,1
DA:9,1
DA:10,1
DA:11,1
DA:12,1
DA:13,1
DA:14,1
DA:15,1
DA:16,1
DA:17,1
DA:18,1
DA:19,1
DA:20,1
DA:21,1
DA:22,1
DA:23,1
DA:24,1
DA:25,1
DA:26,1
DA:27,1
DA:28,1
DA:29,1
DA:30,1
DA:31,1
DA:32,1
DA:33,1
LF:33
LH:33
BRDA:31,0,0,11
BRDA:31,1,0,11
BRF:2
BRH:2
end_of_record
TN:
SF:src\errors\AppError.ts
FN:4,AppError
FNF:1
FNH:1
FNDA:27,AppError
DA:1,1
DA:2,1
DA:3,1
DA:4,1
DA:5,27
DA:6,27
DA:7,27
DA:8,27
DA:9,1
LF:9
LH:9
BRDA:4,0,0,27
BRF:1
BRH:1
end_of_record
TN:
SF:src\middlewares\authToken.middleware.ts
FN:6,authTokenMiddleware
FNF:1
FNH:1
FNDA:33,authTokenMiddleware
DA:1,1
DA:2,1
DA:3,1
DA:4,1
DA:5,1
DA:6,1
DA:7,33
DA:8,33
DA:9,33
DA:10,33
DA:11,33
DA:12,33
DA:13,33
DA:14,29
DA:15,29
DA:16,29
DA:17,29
DA:18,29
DA:19,29
DA:20,25
DA:21,25
DA:22,25
DA:23,25
DA:24,25
DA:25,25
DA:26,25
DA:27,29
DA:28,29
DA:29,1
DA:30,1
LF:30
LH:30
BRDA:6,0,0,33
BRDA:11,1,0,4
BRDA:11,2,0,29
BRDA:13,3,0,4
BRDA:14,4,0,29
BRDA:18,5,0,29
BRDA:19,6,0,28
BRDA:19,7,0,4
BRDA:20,8,0,25
BRF:9
BRH:9
end_of_record
TN:
SF:src\middlewares\error.middleware.ts
FN:4,errorMiddleware
FNF:1
FNH:1
FNDA:21,errorMiddleware
DA:1,1
DA:2,1
DA:3,1
DA:4,1
DA:5,21
DA:6,21
DA:7,21
DA:8,21
DA:9,21
DA:10,21
DA:11,21
DA:12,21
DA:13,21
DA:14,21
DA:15,21
DA:16,21
DA:17,0
DA:18,0
DA:19,0
DA:20,0
DA:21,0
DA:22,0
DA:23,0
DA:24,0
DA:25,0
DA:26,0
DA:27,0
DA:28,0
DA:29,0
DA:30,0
DA:31,0
DA:32,0
LF:32
LH:16
BRDA:4,0,0,21
BRDA:9,1,0,21
BRDA:17,2,0,0
BRF:3
BRH:2
end_of_record
TN:
SF:src\middlewares\isAdmin.middleware.ts
FN:4,isAdminMiddleware
FNF:1
FNH:1
FNDA:1,isAdminMiddleware
DA:1,1
DA:2,1
DA:3,1
DA:4,1
DA:5,1
DA:6,1
DA:7,1
DA:8,1
DA:9,1
DA:10,1
DA:11,1
DA:12,0
DA:13,0
DA:14,0
DA:15,1
DA:16,1
LF:16
LH:13
BRDA:4,0,0,1
BRDA:12,1,0,0
BRF:2
BRH:1
end_of_record
TN:
SF:src\middlewares\isOwner.middleware.ts
FN:6,isOwner
FNF:1
FNH:1
FNDA:10,isOwner
DA:1,1
DA:2,1
DA:3,1
DA:4,1
DA:5,1
DA:6,1
DA:7,10
DA:8,10
DA:9,10
DA:10,10
DA:11,10
DA:12,10
DA:13,10
DA:14,10
DA:15,10
DA:16,10
DA:17,10
DA:18,10
DA:19,10
DA:20,10
DA:21,10
DA:22,1
DA:23,1
DA:24,9
DA:25,10
DA:26,1
DA:27,1
DA:28,8
DA:29,8
DA:30,8
DA:31,1
DA:32,1
LF:32
LH:32
BRDA:6,0,0,10
BRDA:10,1,0,10
BRDA:21,2,0,1
BRDA:24,3,0,9
BRDA:25,4,0,1
BRDA:28,5,0,8
BRF:6
BRH:6
end_of_record
TN:
SF:src\middlewares\validators\account\validateCreateAccount.middleware.ts
FN:14,validateAccountCreate
FNF:1
FNH:1
FNDA:6,validateAccountCreate
DA:1,1
DA:2,1
DA:3,1
DA:4,1
DA:5,1
DA:6,1
DA:7,1
DA:8,1
DA:9,1
DA:10,1
DA:11,1
DA:12,1
DA:13,1
DA:14,1
DA:15,6
DA:16,11
DA:17,11
DA:18,11
DA:19,11
DA:20,11
DA:21,11
DA:22,11
DA:23,11
DA:24,9
DA:25,9
DA:26,9
DA:27,9
DA:28,9
DA:29,2
DA:30,2
DA:31,11
DA:32,2
DA:33,2
DA:34,2
DA:35,2
DA:36,11
LF:36
LH:36
BRDA:14,0,0,6
BRDA:15,1,0,11
BRDA:15,2,0,11
BRDA:24,3,0,9
BRDA:28,4,0,2
BRDA:29,5,0,0
BRDA:31,6,0,2
BRF:7
BRH:6
end_of_record
TN:
SF:src\middlewares\validators\session\validateLogin.middleware.ts
FN:12,validateLogin
FNF:1
FNH:1
FNDA:6,validateLogin
DA:1,1
DA:2,1
DA:3,1
DA:4,1
DA:5,1
DA:6,1
DA:7,1
DA:8,1
DA:9,1
DA:10,1
DA:11,1
DA:12,1
DA:13,6
DA:14,9
DA:15,9
DA:16,9
DA:17,9
DA:18,9
DA:19,9
DA:20,9
DA:21,9
DA:22,8
DA:23,8
DA:24,8
DA:25,8
DA:26,9
DA:27,1
DA:28,1
DA:29,9
DA:30,1
DA:31,1
DA:32,1
DA:33,1
DA:34,9
LF:34
LH:34
BRDA:12,0,0,6
BRDA:13,1,0,9
BRDA:13,2,0,9
BRDA:22,3,0,8
BRDA:26,4,0,1
BRDA:27,5,0,0
BRDA:29,6,0,1
BRF:7
BRH:6
end_of_record
TN:
SF:src\middlewares\validators\task\validateCreateTask.middleware.ts
FN:22,validateTask
FNF:1
FNH:1
FNDA:6,validateTask
DA:1,1
DA:2,1
DA:3,1
DA:4,1
DA:5,1
DA:6,1
DA:7,1
DA:8,1
DA:9,1
DA:10,1
DA:11,1
DA:12,1
DA:13,1
DA:14,1
DA:15,1
DA:16,1
DA:17,1
DA:18,1
DA:19,1
DA:20,1
DA:21,1
DA:22,1
DA:23,6
DA:24,7
DA:25,7
DA:26,7
DA:27,7
DA:28,7
DA:29,7
DA:30,7
DA:31,7
DA:32,4
DA:33,4
DA:34,4
DA:35,4
DA:36,7
DA:37,3
DA:38,3
DA:39,7
DA:40,3
DA:41,3
DA:42,3
DA:43,3
DA:44,7
LF:44
LH:44
BRDA:22,0,0,6
BRDA:23,1,0,7
BRDA:23,2,0,7
BRDA:32,3,0,4
BRDA:36,4,0,3
BRDA:37,5,0,0
BRDA:39,6,0,3
BRF:7
BRH:6
end_of_record
TN:
SF:src\middlewares\validators\task\validateUpdateTask.middleware.ts
FN:21,validateUpdateTask
FNF:1
FNH:1
FNDA:6,validateUpdateTask
DA:1,1
DA:2,1
DA:3,1
DA:4,1
DA:5,1
DA:6,1
DA:7,1
DA:8,1
DA:9,1
DA:10,1
DA:11,1
DA:12,1
DA:13,1
DA:14,1
DA:15,1
DA:16,1
DA:17,1
DA:18,1
DA:19,1
DA:20,1
DA:21,1
DA:22,6
DA:23,8
DA:24,8
DA:25,8
DA:26,8
DA:27,8
DA:28,8
DA:29,8
DA:30,8
DA:31,8
DA:32,8
DA:33,8
DA:34,8
DA:35,8
DA:36,0
DA:37,0
DA:38,8
DA:39,0
DA:40,0
DA:41,0
DA:42,0
DA:43,8
LF:43
LH:37
BRDA:21,0,0,6
BRDA:22,1,0,8
BRDA:22,2,0,8
BRDA:35,3,0,0
BRDA:38,4,0,0
BRF:5
BRH:3
end_of_record
TN:
SF:src\routes\account.routes.ts
FN:8,accountRoutes
FNF:1
FNH:1
FNDA:6,accountRoutes
DA:1,1
DA:2,1
DA:3,1
DA:4,1
DA:5,1
DA:6,1
DA:7,1
DA:8,1
DA:9,6
DA:10,6
DA:11,6
DA:12,6
DA:13,6
DA:14,6
DA:15,6
DA:16,6
LF:16
LH:16
BRDA:8,0,0,6
BRF:1
BRH:1
end_of_record
TN:
SF:src\routes\index.routes.ts
FN:6,appRoutes
FNF:1
FNH:1
FNDA:6,appRoutes
DA:1,1
DA:2,1
DA:3,1
DA:4,1
DA:5,1
DA:6,1
DA:7,6
DA:8,6
DA:9,6
DA:10,6
LF:10
LH:10
BRDA:6,0,0,6
BRF:1
BRH:1
end_of_record
TN:
SF:src\routes\sessions.routes.ts
FN:9,sessionsRoutes
FNF:1
FNH:1
FNDA:6,sessionsRoutes
DA:1,1
DA:2,1
DA:3,1
DA:4,1
DA:5,1
DA:6,1
DA:7,1
DA:8,1
DA:9,1
DA:10,6
DA:11,6
DA:12,6
DA:13,6
LF:13
LH:13
BRDA:9,0,0,6
BRF:1
BRH:1
end_of_record
TN:
SF:src\routes\task.routes.ts
FN:18,taskRoutes
FNF:1
FNH:1
FNDA:6,taskRoutes
DA:1,1
DA:2,1
DA:3,1
DA:4,1
DA:5,1
DA:6,1
DA:7,1
DA:8,1
DA:9,1
DA:10,1
DA:11,1
DA:12,1
DA:13,1
DA:14,1
DA:15,1
DA:16,1
DA:17,1
DA:18,1
DA:19,6
DA:20,6
DA:21,6
DA:22,6
DA:23,6
DA:24,6
DA:25,6
DA:26,6
DA:27,6
DA:28,6
DA:29,6
DA:30,6
DA:31,6
DA:32,6
DA:33,6
DA:34,6
DA:35,6
DA:36,6
DA:37,6
DA:38,6
DA:39,6
DA:40,6
DA:41,6
DA:42,6
DA:43,6
LF:43
LH:43
BRDA:18,0,0,6
BRF:1
BRH:1
end_of_record
TN:
SF:src\services\accounts\createAccount.service.ts
FN:7,createAccountService
FNF:1
FNH:1
FNDA:15,createAccountService
DA:1,1
DA:2,1
DA:3,1
DA:4,1
DA:5,1
DA:6,1
DA:7,1
DA:8,15
DA:9,15
DA:10,15
DA:11,15
DA:12,15
DA:13,15
DA:14,15
DA:15,1
DA:16,1
DA:17,14
DA:18,14
DA:19,14
DA:20,14
DA:21,14
DA:22,14
DA:23,14
DA:24,14
DA:25,14
DA:26,14
DA:27,14
DA:28,14
DA:29,14
DA:30,14
DA:31,1
DA:32,1
LF:32
LH:32
BRDA:7,0,0,15
BRDA:7,1,0,15
BRDA:14,2,0,14
BRDA:14,3,0,1
BRF:4
BRH:4
end_of_record
TN:
SF:src\services\sessions\sessionsLogin.service.ts
FN:9,sessionLoginService
FNF:1
FNH:1
FNDA:9,sessionLoginService
DA:1,1
DA:2,1
DA:3,1
DA:4,1
DA:5,1
DA:6,1
DA:7,1
DA:8,1
DA:9,1
DA:10,9
DA:11,9
DA:12,9
DA:13,9
DA:14,9
DA:15,8
DA:16,8
DA:17,8
DA:18,9
DA:19,8
DA:20,8
DA:21,8
DA:22,8
DA:23,8
DA:24,8
DA:25,8
DA:26,8
DA:27,8
DA:28,8
DA:29,8
DA:30,8
DA:31,8
DA:32,8
DA:33,1
DA:34,1
LF:34
LH:34
BRDA:9,0,0,9
BRDA:9,1,0,9
BRDA:14,2,0,8
BRDA:14,3,0,1
BRDA:18,4,0,0
BRDA:19,5,0,8
BRF:6
BRH:5
end_of_record
TN:
SF:src\services\tasks\createTask.service.ts
FN:7,createTaskService
FNF:1
FNH:1
FNDA:9,createTaskService
DA:1,1
DA:2,1
DA:3,1
DA:4,1
DA:5,1
DA:6,1
DA:7,1
DA:8,9
DA:9,9
DA:10,9
DA:11,9
DA:12,9
DA:13,9
DA:14,9
DA:15,9
DA:16,9
DA:17,9
DA:18,9
DA:19,9
DA:20,9
DA:21,9
DA:22,9
DA:23,9
DA:24,9
DA:25,9
DA:26,9
DA:27,9
DA:28,9
DA:29,9
DA:30,9
DA:31,9
DA:32,1
DA:33,1
LF:33
LH:33
BRDA:7,0,0,9
BRDA:10,1,0,9
BRDA:16,2,0,0
BRF:3
BRH:2
end_of_record
TN:
SF:src\services\tasks\listTasks.service.ts
FN:3,listTaskService
FNF:1
FNH:1
FNDA:9,listTaskService
DA:1,1
DA:2,1
DA:3,1
DA:4,9
DA:5,9
DA:6,9
DA:7,9
DA:8,1
DA:9,1
LF:9
LH:9
BRDA:3,0,0,9
BRDA:3,1,0,9
BRF:2
BRH:2
end_of_record
TN:
SF:src\services\tasks\updateTask.service.ts
FN:6,updateTaskService
FNF:1
FNH:1
FNDA:9,updateTaskService
DA:1,1
DA:2,1
DA:3,1
DA:4,1
DA:5,1
DA:6,1
DA:7,9
DA:8,9
DA:9,9
DA:10,9
DA:11,9
DA:12,9
DA:13,9
DA:14,9
DA:15,9
DA:16,9
DA:17,9
DA:18,9
DA:19,9
DA:20,9
DA:21,9
DA:22,2
DA:23,2
DA:24,7
DA:25,7
DA:26,7
DA:27,7
DA:28,7
DA:29,7
DA:30,7
DA:31,7
DA:32,7
DA:33,7
DA:34,7
DA:35,9
DA:36,3
DA:37,8
DA:38,0
DA:39,0
DA:40,7
DA:41,7
DA:42,9
DA:43,2
DA:44,2
DA:45,2
DA:46,2
DA:47,2
DA:48,2
DA:49,2
DA:50,2
DA:51,2
DA:52,9
DA:53,5
DA:54,5
DA:55,5
DA:56,5
DA:57,5
DA:58,5
DA:59,5
DA:60,5
DA:61,5
DA:62,5
DA:63,7
DA:64,7
DA:65,7
DA:66,7
DA:67,7
DA:68,1
DA:69,1
LF:69
LH:67
BRDA:6,0,0,9
BRDA:9,1,0,9
BRDA:19,2,0,0
BRDA:21,3,0,2
BRDA:24,4,0,7
BRDA:35,5,0,8
BRDA:35,6,0,3
BRDA:37,7,0,4
BRDA:37,8,0,0
BRDA:37,9,0,0
BRDA:40,10,0,7
BRDA:42,11,0,2
BRDA:44,12,0,0
BRDA:52,13,0,5
BRDA:54,14,0,1
BRDA:55,15,0,2
BRDA:63,16,0,7
BRF:17
BRH:13
end_of_record
TN:
SF:src\utils\dateRegexValidation.ts
FNF:0
FNH:0
DA:1,1
DA:2,1
LF:2
LH:2
BRF:0
BRH:0
end_of_record
TN:
SF:src\utils\tasksAreLate.ts
FN:4,tasksAreLate
FNF:1
FNH:1
FNDA:9,tasksAreLate
DA:1,1
DA:2,1
DA:3,1
DA:4,1
DA:5,9
DA:6,9
DA:7,9
DA:8,9
DA:9,9
DA:10,9
DA:11,9
DA:12,14
DA:13,14
DA:14,14
DA:15,14
DA:16,14
DA:17,14
DA:18,14
DA:19,14
DA:20,14
DA:21,14
DA:22,14
DA:23,14
DA:24,9
DA:25,14
DA:26,1
DA:27,1
DA:28,9
DA:29,9
DA:30,9
DA:31,9
DA:32,9
DA:33,9
DA:34,1
DA:35,1
LF:35
LH:35
BRDA:4,0,0,9
BRDA:4,1,0,9
BRDA:11,2,0,14
BRDA:11,3,0,14
BRDA:23,4,0,13
BRDA:23,5,0,9
BRDA:25,6,0,5
BRDA:25,7,0,1
BRDA:25,8,0,1
BRDA:30,9,0,14
BRF:10
BRH:10
end_of_record
